\BOOKMARK [0][-]{chapter.1}{\376\377\000I\000n\000t\000r\000o\000d\000u\000c\000t\000i\000o\000n}{}% 1
\BOOKMARK [1][-]{section.1.1}{\376\377\000B\000a\000c\000k\000g\000r\000o\000u\000n\000d}{chapter.1}% 2
\BOOKMARK [1][-]{section.1.2}{\376\377\000M\000o\000t\000i\000v\000a\000t\000i\000o\000n}{chapter.1}% 3
\BOOKMARK [1][-]{section.1.3}{\376\377\000O\000b\000j\000e\000c\000t\000i\000v\000e\000s}{chapter.1}% 4
\BOOKMARK [1][-]{section.1.4}{\376\377\000O\000r\000g\000a\000n\000i\000z\000a\000t\000i\000o\000n\000\040\000o\000f\000\040\000t\000h\000e\000\040\000T\000h\000e\000s\000i\000s}{chapter.1}% 5
\BOOKMARK [0][-]{chapter.2}{\376\377\000T\000e\000c\000h\000n\000o\000l\000o\000g\000i\000e\000s\000\040\000u\000s\000e\000d}{}% 6
\BOOKMARK [1][-]{section.2.1}{\376\377\000T\000h\000e\000\040\000h\000o\000s\000t\000\040\000e\000n\000v\000i\000r\000o\000n\000m\000e\000n\000t}{chapter.2}% 7
\BOOKMARK [1][-]{section.2.2}{\376\377\000V\000i\000r\000t\000u\000a\000l\000\040\000m\000a\000c\000h\000i\000n\000e\000\040\000f\000o\000r\000\040\000L\000i\000n\000u\000x\000\040\000d\000e\000v\000e\000l\000o\000p\000m\000e\000n\000t}{chapter.2}% 8
\BOOKMARK [1][-]{section.2.3}{\376\377\000V\000i\000r\000t\000u\000a\000l\000\040\000m\000a\000c\000h\000i\000n\000e\000\040\000f\000o\000r\000\040\000W\000i\000n\000d\000o\000w\000s\000\040\000d\000e\000v\000e\000l\000o\000p\000m\000e\000n\000t}{chapter.2}% 9
\BOOKMARK [1][-]{section.2.4}{\376\377\000R\000e\000p\000o\000s\000i\000t\000o\000r\000y\000\040\000o\000f\000\040\000t\000h\000e\000\040\000p\000r\000o\000j\000e\000c\000t}{chapter.2}% 10
\BOOKMARK [0][-]{chapter.3}{\376\377\000T\000h\000e\000\040\000h\000i\000s\000t\000o\000r\000y\000\040\000o\000f\000\040\000e\000B\000P\000F}{}% 11
\BOOKMARK [1][-]{section.3.1}{\376\377\000T\000h\000e\000\040\000b\000e\000g\000i\000n\000n\000i\000n\000g\000\040\000o\000f\000\040\000p\000a\000c\000k\000e\000t\000\040\000f\000i\000l\000t\000e\000r\000i\000n\000g}{chapter.3}% 12
\BOOKMARK [1][-]{section.3.2}{\376\377\000T\000h\000e\000\040\000c\000h\000a\000r\000a\000c\000t\000e\000r\000i\000s\000t\000i\000c\000s\000\040\000o\000f\000\040\000B\000P\000F}{chapter.3}% 13
\BOOKMARK [1][-]{section.3.3}{\376\377\000L\000i\000m\000i\000t\000a\000t\000i\000o\000n\000s\000\040\000o\000f\000\040\000B\000P\000F}{chapter.3}% 14
\BOOKMARK [1][-]{section.3.4}{\376\377\000I\000n\000t\000r\000o\000d\000u\000c\000t\000i\000o\000n\000\040\000t\000o\000\040\000e\000B\000P\000F}{chapter.3}% 15
\BOOKMARK [1][-]{section.3.5}{\376\377\000W\000h\000a\000t\000\040\000i\000s\000\040\000e\000B\000P\000F\000?}{chapter.3}% 16
\BOOKMARK [1][-]{section.3.6}{\376\377\000e\000B\000P\000F\000\040\000i\000n\000\040\000m\000o\000d\000e\000r\000n\000\040\000a\000r\000c\000h\000i\000t\000e\000c\000t\000u\000r\000e}{chapter.3}% 17
\BOOKMARK [2][-]{subsection.3.6.1}{\376\377\000N\000a\000m\000e\000\040\000a\000n\000d\000\040\000l\000o\000g\000o}{section.3.6}% 18
\BOOKMARK [2][-]{subsection.3.6.2}{\376\377\000e\000B\000P\000F\000\040\000F\000o\000u\000n\000d\000a\000t\000i\000o\000n}{section.3.6}% 19
\BOOKMARK [2][-]{subsection.3.6.3}{\376\377\000U\000s\000e\000\040\000c\000a\000s\000e\000s\000\040\000o\000f\000\040\000e\000B\000P\000F}{section.3.6}% 20
\BOOKMARK [1][-]{section.3.7}{\376\377\000F\000u\000t\000u\000r\000e\000\040\000a\000n\000d\000\040\000p\000o\000t\000e\000n\000t\000i\000a\000l\000\040\000o\000f\000\040\000e\000B\000P\000F}{chapter.3}% 21
\BOOKMARK [1][-]{section.3.8}{\376\377\000e\000B\000P\000F\000\040\000i\000n\000\040\000t\000h\000e\000\040\000w\000o\000r\000l\000d}{chapter.3}% 22
\BOOKMARK [0][-]{chapter.4}{\376\377\000H\000o\000w\000\040\000e\000B\000P\000F\000\040\000w\000o\000r\000k\000s}{}% 23
\BOOKMARK [1][-]{section.4.1}{\376\377\000W\000r\000i\000t\000i\000n\000g\000\040\000a\000n\000\040\000e\000B\000P\000F\000\040\000p\000r\000o\000g\000r\000a\000m}{chapter.4}% 24
\BOOKMARK [1][-]{section.4.2}{\376\377\000A\000r\000c\000h\000i\000t\000e\000c\000t\000u\000r\000e}{chapter.4}% 25
\BOOKMARK [1][-]{section.4.3}{\376\377\000T\000o\000o\000l\000s}{chapter.4}% 26
\BOOKMARK [1][-]{section.4.4}{\376\377\000C\000o\000m\000p\000i\000l\000i\000n\000g\000\040\000a\000n\000d\000\040\000l\000o\000a\000d\000i\000n\000g\000\040\000a\000n\000\040\000e\000B\000P\000F\000\040\000p\000r\000o\000g\000r\000a\000m}{chapter.4}% 27
\BOOKMARK [1][-]{section.4.5}{\376\377\000T\000h\000e\000\040\000b\000p\000f\000\050\000\051\000\040\000s\000y\000s\000t\000e\000m\000\040\000c\000a\000l\000l}{chapter.4}% 28
\BOOKMARK [1][-]{section.4.6}{\376\377\000H\000e\000l\000p\000e\000r\000s}{chapter.4}% 29
\BOOKMARK [1][-]{section.4.7}{\376\377\000M\000a\000p\000s}{chapter.4}% 30
\BOOKMARK [0][-]{chapter.5}{\376\377\000A\000p\000p\000l\000i\000c\000a\000t\000i\000o\000n\000s\000\040\000a\000n\000d\000\040\000i\000n\000f\000r\000a\000s\000t\000r\000u\000c\000t\000u\000r\000e\000\040\000o\000f\000\040\000e\000B\000P\000F}{}% 31
\BOOKMARK [0][-]{chapter*.15}{\376\377\000B\000i\000b\000l\000i\000o\000g\000r\000a\000p\000h\000y}{}% 32
